<?xml version="1.0" encoding="UTF-8"?>
<!-- Generated by org.testng.reporters.JUnitReportReporter -->
<testsuite hostname="DESKTOP-16CE3LI" failures="0" tests="3" name="RestTesting.Trello" time="7.311" errors="0" timestamp="16 Mar 2022 04:13:39 GMT">
  <testcase classname="RestTesting.Trello" name="DeleteBoard" time="0.806"/>
  <testcase classname="RestTesting.Trello" name="getBoard" time="0.623"/>
  <testcase classname="RestTesting.Trello" name="createBoard" time="5.882"/>
</testsuite> <!-- RestTesting.Trello -->
