<?xml version="1.0" encoding="UTF-8"?>
<!-- Generated by org.testng.reporters.JUnitReportReporter -->
<testsuite hostname="DESKTOP-16CE3LI" failures="0" tests="2" name="RestTesting.TestNG" time="0.015" errors="0" timestamp="14 Mar 2022 11:16:52 GMT">
  <testcase classname="RestTesting.TestNG" name="testcase2" time="0.004"/>
  <testcase classname="RestTesting.TestNG" name="testcase1" time="0.011"/>
</testsuite> <!-- RestTesting.TestNG -->
