<?xml version="1.0" encoding="UTF-8"?>
<!-- Generated by org.testng.reporters.JUnitReportReporter -->
<testsuite hostname="DESKTOP-16CE3LI" failures="0" tests="2" name="RestTesting.E_commercep" time="10.208" errors="0" timestamp="16 Mar 2022 06:10:22 GMT">
  <testcase classname="RestTesting.E_commercep" name="signup" time="6.038"/>
  <testcase classname="RestTesting.E_commercep" name="Login" time="4.170"/>
</testsuite> <!-- RestTesting.E_commercep -->
